<?xml version="1.0" encoding="UTF-8"?>
<testng-results ignored="0" total="1" passed="1" failed="0" skipped="0">
  <reporter-output>
  </reporter-output>
  <suite started-at="2026-03-10T20:46:53 IST" name="All Test Suite" finished-at="2026-03-10T20:47:03 IST" duration-ms="10435">
    <groups>
    </groups>
    <test started-at="2026-03-10T20:46:53 IST" name="TestAutomation" finished-at="2026-03-10T20:47:03 IST" duration-ms="10435">
      <class name="com.automation.tests.CheckFooterLinks">
        <test-method is-config="true" signature="openBrowser()[pri:0, instance:com.automation.tests.CheckFooterLinks@4a8355dd]" started-at="2026-03-10T20:46:53 IST" name="openBrowser" finished-at="2026-03-10T20:46:57 IST" duration-ms="4222" status="PASS">
          <reporter-output>
          </reporter-output>
        </test-method> <!-- openBrowser -->
        <test-method is-config="true" signature="initialize()[pri:0, instance:com.automation.tests.CheckFooterLinks@4a8355dd]" started-at="2026-03-10T20:46:57 IST" name="initialize" finished-at="2026-03-10T20:46:57 IST" duration-ms="64" status="PASS">
          <reporter-output>
          </reporter-output>
        </test-method> <!-- initialize -->
        <test-method signature="checkFooterLinks()[pri:0, instance:com.automation.tests.CheckFooterLinks@4a8355dd]" started-at="2026-03-10T20:46:57 IST" name="checkFooterLinks" finished-at="2026-03-10T20:47:03 IST" duration-ms="5837" status="PASS">
          <reporter-output>
          </reporter-output>
        </test-method> <!-- checkFooterLinks -->
        <test-method is-config="true" signature="closeBrowser()[pri:0, instance:com.automation.tests.CheckFooterLinks@4a8355dd]" started-at="2026-03-10T20:47:03 IST" name="closeBrowser" finished-at="2026-03-10T20:47:03 IST" duration-ms="255" status="PASS">
          <reporter-output>
          </reporter-output>
        </test-method> <!-- closeBrowser -->
      </class> <!-- com.automation.tests.CheckFooterLinks -->
    </test> <!-- TestAutomation -->
  </suite> <!-- All Test Suite -->
</testng-results>
